This is pdfTeX, Version 3.14159265-2.6-1.40.20 (MiKTeX 2.9.7050 64-bit) (preloaded format=pdflatex 2019.7.23)  11 MAR 2020 15:15
entering extended mode
**./index.tex
(index.tex
LaTeX2e <2018-12-01>
("C:\Users\Usuario\AppData\Local\Programs\MiKTeX 2.9\tex/latex/base\article.cls
"
Document Class: article 2018/09/03 v1.4i Standard LaTeX document class
("C:\Users\Usuario\AppData\Local\Programs\MiKTeX 2.9\tex/latex/base\size10.clo"
File: size10.clo 2018/09/03 v1.4i Standard LaTeX file (size option)
)
\c@part=\count80
\c@section=\count81
\c@subsection=\count82
\c@subsubsection=\count83
\c@paragraph=\count84
\c@subparagraph=\count85
\c@figure=\count86
\c@table=\count87
\abovecaptionskip=\skip41
\belowcaptionskip=\skip42
\bibindent=\dimen102
) ("C:\Users\Usuario\AppData\Local\Programs\MiKTeX 2.9\tex/latex/lm\lmodern.sty
"
Package: lmodern 2009/10/30 v1.6 Latin Modern Fonts
LaTeX Font Info:    Overwriting symbol font `operators' in version `normal'
(Font)                  OT1/cmr/m/n --> OT1/lmr/m/n on input line 22.
LaTeX Font Info:    Overwriting symbol font `letters' in version `normal'
(Font)                  OML/cmm/m/it --> OML/lmm/m/it on input line 23.
LaTeX Font Info:    Overwriting symbol font `symbols' in version `normal'
(Font)                  OMS/cmsy/m/n --> OMS/lmsy/m/n on input line 24.
LaTeX Font Info:    Overwriting symbol font `largesymbols' in version `normal'
(Font)                  OMX/cmex/m/n --> OMX/lmex/m/n on input line 25.
LaTeX Font Info:    Overwriting symbol font `operators' in version `bold'
(Font)                  OT1/cmr/bx/n --> OT1/lmr/bx/n on input line 26.
LaTeX Font Info:    Overwriting symbol font `letters' in version `bold'
(Font)                  OML/cmm/b/it --> OML/lmm/b/it on input line 27.
LaTeX Font Info:    Overwriting symbol font `symbols' in version `bold'
(Font)                  OMS/cmsy/b/n --> OMS/lmsy/b/n on input line 28.
LaTeX Font Info:    Overwriting symbol font `largesymbols' in version `bold'
(Font)                  OMX/cmex/m/n --> OMX/lmex/m/n on input line 29.
LaTeX Font Info:    Overwriting math alphabet `\mathbf' in version `normal'
(Font)                  OT1/cmr/bx/n --> OT1/lmr/bx/n on input line 31.
LaTeX Font Info:    Overwriting math alphabet `\mathsf' in version `normal'
(Font)                  OT1/cmss/m/n --> OT1/lmss/m/n on input line 32.
LaTeX Font Info:    Overwriting math alphabet `\mathit' in version `normal'
(Font)                  OT1/cmr/m/it --> OT1/lmr/m/it on input line 33.
LaTeX Font Info:    Overwriting math alphabet `\mathtt' in version `normal'
(Font)                  OT1/cmtt/m/n --> OT1/lmtt/m/n on input line 34.
LaTeX Font Info:    Overwriting math alphabet `\mathbf' in version `bold'
(Font)                  OT1/cmr/bx/n --> OT1/lmr/bx/n on input line 35.
LaTeX Font Info:    Overwriting math alphabet `\mathsf' in version `bold'
(Font)                  OT1/cmss/bx/n --> OT1/lmss/bx/n on input line 36.
LaTeX Font Info:    Overwriting math alphabet `\mathit' in version `bold'
(Font)                  OT1/cmr/bx/it --> OT1/lmr/bx/it on input line 37.
LaTeX Font Info:    Overwriting math alphabet `\mathtt' in version `bold'
(Font)                  OT1/cmtt/m/n --> OT1/lmtt/m/n on input line 38.
)
("C:\Users\Usuario\AppData\Local\Programs\MiKTeX 2.9\tex/latex/setspace\setspac
e.sty"
Package: setspace 2011/12/19 v6.7a set line spacing
)
("C:\Users\Usuario\AppData\Local\Programs\MiKTeX 2.9\tex/latex/amsfonts\amssymb
.sty"
Package: amssymb 2013/01/14 v3.01 AMS font symbols

("C:\Users\Usuario\AppData\Local\Programs\MiKTeX 2.9\tex/latex/amsfonts\amsfont
s.sty"
Package: amsfonts 2013/01/14 v3.01 Basic AMSFonts support
\@emptytoks=\toks14
\symAMSa=\mathgroup4
\symAMSb=\mathgroup5
LaTeX Font Info:    Overwriting math alphabet `\mathfrak' in version `bold'
(Font)                  U/euf/m/n --> U/euf/b/n on input line 106.
))
("C:\Users\Usuario\AppData\Local\Programs\MiKTeX 2.9\tex/latex/amsmath\amsmath.
sty"
Package: amsmath 2018/12/01 v2.17b AMS math features
\@mathmargin=\skip43
For additional information on amsmath, use the `?' option.

("C:\Users\Usuario\AppData\Local\Programs\MiKTeX 2.9\tex/latex/amsmath\amstext.
sty"
Package: amstext 2000/06/29 v2.01 AMS text

("C:\Users\Usuario\AppData\Local\Programs\MiKTeX 2.9\tex/latex/amsmath\amsgen.s
ty"
File: amsgen.sty 1999/11/30 v2.0 generic functions
\@emptytoks=\toks15
\ex@=\dimen103
))
("C:\Users\Usuario\AppData\Local\Programs\MiKTeX 2.9\tex/latex/amsmath\amsbsy.s
ty"
Package: amsbsy 1999/11/29 v1.2d Bold Symbols
\pmbraise@=\dimen104
)
("C:\Users\Usuario\AppData\Local\Programs\MiKTeX 2.9\tex/latex/amsmath\amsopn.s
ty"
Package: amsopn 2016/03/08 v2.02 operator names
)
\inf@bad=\count88
LaTeX Info: Redefining \frac on input line 223.
\uproot@=\count89
\leftroot@=\count90
LaTeX Info: Redefining \overline on input line 385.
\classnum@=\count91
\DOTSCASE@=\count92
LaTeX Info: Redefining \ldots on input line 482.
LaTeX Info: Redefining \dots on input line 485.
LaTeX Info: Redefining \cdots on input line 606.
\Mathstrutbox@=\box27
\strutbox@=\box28
\big@size=\dimen105
LaTeX Font Info:    Redeclaring font encoding OML on input line 729.
LaTeX Font Info:    Redeclaring font encoding OMS on input line 730.
\macc@depth=\count93
\c@MaxMatrixCols=\count94
\dotsspace@=\muskip10
\c@parentequation=\count95
\dspbrk@lvl=\count96
\tag@help=\toks16
\row@=\count97
\column@=\count98
\maxfields@=\count99
\andhelp@=\toks17
\eqnshift@=\dimen106
\alignsep@=\dimen107
\tagshift@=\dimen108
\tagwidth@=\dimen109
\totwidth@=\dimen110
\lineht@=\dimen111
\@envbody=\toks18
\multlinegap=\skip44
\multlinetaggap=\skip45
\mathdisplay@stack=\toks19
LaTeX Info: Redefining \[ on input line 2844.
LaTeX Info: Redefining \] on input line 2845.
)
("C:\Users\Usuario\AppData\Local\Programs\MiKTeX 2.9\tex/generic/ifxetex\ifxete
x.sty"
Package: ifxetex 2010/09/12 v0.6 Provides ifxetex conditional
)
("C:\Users\Usuario\AppData\Local\Programs\MiKTeX 2.9\tex/generic/oberdiek\iflua
tex.sty"
Package: ifluatex 2016/05/16 v1.4 Provides the ifluatex switch (HO)
Package ifluatex Info: LuaTeX not detected.
) ("C:\Users\Usuario\AppData\Local\Programs\MiKTeX 2.9\tex/latex/base\fontenc.s
ty"
Package: fontenc 2018/08/11 v2.0j Standard LaTeX package
("C:\Users\Usuario\AppData\Local\Programs\MiKTeX 2.9\tex/latex/base\t1enc.def"
File: t1enc.def 2018/08/11 v2.0j Standard LaTeX file
LaTeX Font Info:    Redeclaring font encoding T1 on input line 48.
))
("C:\Users\Usuario\AppData\Local\Programs\MiKTeX 2.9\tex/latex/base\inputenc.st
y"
Package: inputenc 2018/08/11 v1.3c Input encoding file
\inpenc@prehook=\toks20
\inpenc@posthook=\toks21
)
("C:\Users\Usuario\AppData\Local\Programs\MiKTeX 2.9\tex/latex/base\textcomp.st
y"
Package: textcomp 2018/08/11 v2.0j Standard LaTeX package
Package textcomp Info: Sub-encoding information:
(textcomp)               5 = only ISO-Adobe without \textcurrency
(textcomp)               4 = 5 + \texteuro
(textcomp)               3 = 4 + \textohm
(textcomp)               2 = 3 + \textestimated + \textcurrency
(textcomp)               1 = TS1 - \textcircled - \t
(textcomp)               0 = TS1 (full)
(textcomp)             Font families with sub-encoding setting implement
(textcomp)             only a restricted character set as indicated.
(textcomp)             Family '?' is the default used for unknown fonts.
(textcomp)             See the documentation for details.
Package textcomp Info: Setting ? sub-encoding to TS1/1 on input line 79.
("C:\Users\Usuario\AppData\Local\Programs\MiKTeX 2.9\tex/latex/base\ts1enc.def"
File: ts1enc.def 2001/06/05 v3.0e (jk/car/fm) Standard LaTeX file
Now handling font encoding TS1 ...
... processing UTF-8 mapping file for font encoding TS1
("C:\Users\Usuario\AppData\Local\Programs\MiKTeX 2.9\tex/latex/base\ts1enc.dfu"
File: ts1enc.dfu 2018/10/05 v1.2f UTF-8 support for inputenc
   defining Unicode char U+00A2 (decimal 162)
   defining Unicode char U+00A3 (decimal 163)
   defining Unicode char U+00A4 (decimal 164)
   defining Unicode char U+00A5 (decimal 165)
   defining Unicode char U+00A6 (decimal 166)
   defining Unicode char U+00A7 (decimal 167)
   defining Unicode char U+00A8 (decimal 168)
   defining Unicode char U+00A9 (decimal 169)
   defining Unicode char U+00AA (decimal 170)
   defining Unicode char U+00AC (decimal 172)
   defining Unicode char U+00AE (decimal 174)
   defining Unicode char U+00AF (decimal 175)
   defining Unicode char U+00B0 (decimal 176)
   defining Unicode char U+00B1 (decimal 177)
   defining Unicode char U+00B2 (decimal 178)
   defining Unicode char U+00B3 (decimal 179)
   defining Unicode char U+00B4 (decimal 180)
   defining Unicode char U+00B5 (decimal 181)
   defining Unicode char U+00B6 (decimal 182)
   defining Unicode char U+00B7 (decimal 183)
   defining Unicode char U+00B9 (decimal 185)
   defining Unicode char U+00BA (decimal 186)
   defining Unicode char U+00BC (decimal 188)
   defining Unicode char U+00BD (decimal 189)
   defining Unicode char U+00BE (decimal 190)
   defining Unicode char U+00D7 (decimal 215)
   defining Unicode char U+00F7 (decimal 247)
   defining Unicode char U+0192 (decimal 402)
   defining Unicode char U+02C7 (decimal 711)
   defining Unicode char U+02D8 (decimal 728)
   defining Unicode char U+02DD (decimal 733)
   defining Unicode char U+0E3F (decimal 3647)
   defining Unicode char U+2016 (decimal 8214)
   defining Unicode char U+2020 (decimal 8224)
   defining Unicode char U+2021 (decimal 8225)
   defining Unicode char U+2022 (decimal 8226)
   defining Unicode char U+2030 (decimal 8240)
   defining Unicode char U+2031 (decimal 8241)
   defining Unicode char U+203B (decimal 8251)
   defining Unicode char U+203D (decimal 8253)
   defining Unicode char U+2044 (decimal 8260)
   defining Unicode char U+204E (decimal 8270)
   defining Unicode char U+2052 (decimal 8274)
   defining Unicode char U+20A1 (decimal 8353)
   defining Unicode char U+20A4 (decimal 8356)
   defining Unicode char U+20A6 (decimal 8358)
   defining Unicode char U+20A9 (decimal 8361)
   defining Unicode char U+20AB (decimal 8363)
   defining Unicode char U+20AC (decimal 8364)
   defining Unicode char U+20B1 (decimal 8369)
   defining Unicode char U+2103 (decimal 8451)
   defining Unicode char U+2116 (decimal 8470)
   defining Unicode char U+2117 (decimal 8471)
   defining Unicode char U+211E (decimal 8478)
   defining Unicode char U+2120 (decimal 8480)
   defining Unicode char U+2122 (decimal 8482)
   defining Unicode char U+2126 (decimal 8486)
   defining Unicode char U+2127 (decimal 8487)
   defining Unicode char U+212E (decimal 8494)
   defining Unicode char U+2190 (decimal 8592)
   defining Unicode char U+2191 (decimal 8593)
   defining Unicode char U+2192 (decimal 8594)
   defining Unicode char U+2193 (decimal 8595)
   defining Unicode char U+2329 (decimal 9001)
   defining Unicode char U+232A (decimal 9002)
   defining Unicode char U+2422 (decimal 9250)
   defining Unicode char U+25E6 (decimal 9702)
   defining Unicode char U+25EF (decimal 9711)
   defining Unicode char U+266A (decimal 9834)
   defining Unicode char U+FEFF (decimal 65279)
))
LaTeX Info: Redefining \oldstylenums on input line 334.
Package textcomp Info: Setting cmr sub-encoding to TS1/0 on input line 349.
Package textcomp Info: Setting cmss sub-encoding to TS1/0 on input line 350.
Package textcomp Info: Setting cmtt sub-encoding to TS1/0 on input line 351.
Package textcomp Info: Setting cmvtt sub-encoding to TS1/0 on input line 352.
Package textcomp Info: Setting cmbr sub-encoding to TS1/0 on input line 353.
Package textcomp Info: Setting cmtl sub-encoding to TS1/0 on input line 354.
Package textcomp Info: Setting ccr sub-encoding to TS1/0 on input line 355.
Package textcomp Info: Setting ptm sub-encoding to TS1/4 on input line 356.
Package textcomp Info: Setting pcr sub-encoding to TS1/4 on input line 357.
Package textcomp Info: Setting phv sub-encoding to TS1/4 on input line 358.
Package textcomp Info: Setting ppl sub-encoding to TS1/3 on input line 359.
Package textcomp Info: Setting pag sub-encoding to TS1/4 on input line 360.
Package textcomp Info: Setting pbk sub-encoding to TS1/4 on input line 361.
Package textcomp Info: Setting pnc sub-encoding to TS1/4 on input line 362.
Package textcomp Info: Setting pzc sub-encoding to TS1/4 on input line 363.
Package textcomp Info: Setting bch sub-encoding to TS1/4 on input line 364.
Package textcomp Info: Setting put sub-encoding to TS1/5 on input line 365.
Package textcomp Info: Setting uag sub-encoding to TS1/5 on input line 366.
Package textcomp Info: Setting ugq sub-encoding to TS1/5 on input line 367.
Package textcomp Info: Setting ul8 sub-encoding to TS1/4 on input line 368.
Package textcomp Info: Setting ul9 sub-encoding to TS1/4 on input line 369.
Package textcomp Info: Setting augie sub-encoding to TS1/5 on input line 370.
Package textcomp Info: Setting dayrom sub-encoding to TS1/3 on input line 371.
Package textcomp Info: Setting dayroms sub-encoding to TS1/3 on input line 372.

Package textcomp Info: Setting pxr sub-encoding to TS1/0 on input line 373.
Package textcomp Info: Setting pxss sub-encoding to TS1/0 on input line 374.
Package textcomp Info: Setting pxtt sub-encoding to TS1/0 on input line 375.
Package textcomp Info: Setting txr sub-encoding to TS1/0 on input line 376.
Package textcomp Info: Setting txss sub-encoding to TS1/0 on input line 377.
Package textcomp Info: Setting txtt sub-encoding to TS1/0 on input line 378.
Package textcomp Info: Setting lmr sub-encoding to TS1/0 on input line 379.
Package textcomp Info: Setting lmdh sub-encoding to TS1/0 on input line 380.
Package textcomp Info: Setting lmss sub-encoding to TS1/0 on input line 381.
Package textcomp Info: Setting lmssq sub-encoding to TS1/0 on input line 382.
Package textcomp Info: Setting lmvtt sub-encoding to TS1/0 on input line 383.
Package textcomp Info: Setting lmtt sub-encoding to TS1/0 on input line 384.
Package textcomp Info: Setting qhv sub-encoding to TS1/0 on input line 385.
Package textcomp Info: Setting qag sub-encoding to TS1/0 on input line 386.
Package textcomp Info: Setting qbk sub-encoding to TS1/0 on input line 387.
Package textcomp Info: Setting qcr sub-encoding to TS1/0 on input line 388.
Package textcomp Info: Setting qcs sub-encoding to TS1/0 on input line 389.
Package textcomp Info: Setting qpl sub-encoding to TS1/0 on input line 390.
Package textcomp Info: Setting qtm sub-encoding to TS1/0 on input line 391.
Package textcomp Info: Setting qzc sub-encoding to TS1/0 on input line 392.
Package textcomp Info: Setting qhvc sub-encoding to TS1/0 on input line 393.
Package textcomp Info: Setting futs sub-encoding to TS1/4 on input line 394.
Package textcomp Info: Setting futx sub-encoding to TS1/4 on input line 395.
Package textcomp Info: Setting futj sub-encoding to TS1/4 on input line 396.
Package textcomp Info: Setting hlh sub-encoding to TS1/3 on input line 397.
Package textcomp Info: Setting hls sub-encoding to TS1/3 on input line 398.
Package textcomp Info: Setting hlst sub-encoding to TS1/3 on input line 399.
Package textcomp Info: Setting hlct sub-encoding to TS1/5 on input line 400.
Package textcomp Info: Setting hlx sub-encoding to TS1/5 on input line 401.
Package textcomp Info: Setting hlce sub-encoding to TS1/5 on input line 402.
Package textcomp Info: Setting hlcn sub-encoding to TS1/5 on input line 403.
Package textcomp Info: Setting hlcw sub-encoding to TS1/5 on input line 404.
Package textcomp Info: Setting hlcf sub-encoding to TS1/5 on input line 405.
Package textcomp Info: Setting pplx sub-encoding to TS1/3 on input line 406.
Package textcomp Info: Setting pplj sub-encoding to TS1/3 on input line 407.
Package textcomp Info: Setting ptmx sub-encoding to TS1/4 on input line 408.
Package textcomp Info: Setting ptmj sub-encoding to TS1/4 on input line 409.
)
("C:\Users\Usuario\AppData\Local\Programs\MiKTeX 2.9\tex/latex/upquote\upquote.
sty"
Package: upquote 2012/04/19 v1.3 upright-quote and grave-accent glyphs in verba
tim
)
("C:\Users\Usuario\AppData\Local\Programs\MiKTeX 2.9\tex/latex/microtype\microt
ype.sty"
Package: microtype 2019/02/28 v2.7b Micro-typographical refinements (RS)

("C:\Users\Usuario\AppData\Local\Programs\MiKTeX 2.9\tex/latex/graphics\keyval.
sty"
Package: keyval 2014/10/28 v1.15 key=value parser (DPC)
\KV@toks@=\toks22
)
\MT@toks=\toks23
\MT@count=\count100
LaTeX Info: Redefining \textls on input line 790.
\MT@outer@kern=\dimen112
LaTeX Info: Redefining \textmicrotypecontext on input line 1336.
\MT@listname@count=\count101

("C:\Users\Usuario\AppData\Local\Programs\MiKTeX 2.9\tex/latex/microtype\microt
ype-pdftex.def"
File: microtype-pdftex.def 2019/02/28 v2.7b Definitions specific to pdftex (RS)

LaTeX Info: Redefining \lsstyle on input line 914.
LaTeX Info: Redefining \lslig on input line 914.
\MT@outer@space=\skip46
)
Package microtype Info: Loading configuration file microtype.cfg.

("C:\Users\Usuario\AppData\Local\Programs\MiKTeX 2.9\tex/latex/microtype\microt
ype.cfg"
File: microtype.cfg 2019/02/28 v2.7b microtype main configuration file (RS)
))
("C:\Users\Usuario\AppData\Local\Programs\MiKTeX 2.9\tex/latex/parskip\parskip.
sty"
Package: parskip 2019-01-16 v2.0c non-zero parskip adjustments

("C:\Users\Usuario\AppData\Local\Programs\MiKTeX 2.9\tex/latex/oberdiek\kvoptio
ns.sty"
Package: kvoptions 2016/05/16 v3.12 Key value format for package options (HO)

("C:\Users\Usuario\AppData\Local\Programs\MiKTeX 2.9\tex/generic/oberdiek\ltxcm
ds.sty"
Package: ltxcmds 2016/05/16 v1.23 LaTeX kernel commands for general use (HO)
)
("C:\Users\Usuario\AppData\Local\Programs\MiKTeX 2.9\tex/generic/oberdiek\kvset
keys.sty"
Package: kvsetkeys 2016/05/16 v1.17 Key value parser (HO)

("C:\Users\Usuario\AppData\Local\Programs\MiKTeX 2.9\tex/generic/oberdiek\infwa
rerr.sty"
Package: infwarerr 2016/05/16 v1.4 Providing info/warning/error messages (HO)
)
("C:\Users\Usuario\AppData\Local\Programs\MiKTeX 2.9\tex/generic/oberdiek\etexc
mds.sty"
Package: etexcmds 2016/05/16 v1.6 Avoid name clashes with e-TeX commands (HO)
)))
("C:\Users\Usuario\AppData\Local\Programs\MiKTeX 2.9\tex/latex/etoolbox\etoolbo
x.sty"
Package: etoolbox 2018/08/19 v2.5f e-TeX tools for LaTeX (JAW)
\etb@tempcnta=\count102
))
("C:\Users\Usuario\AppData\Local\Programs\MiKTeX 2.9\tex/latex/xcolor\xcolor.st
y"
Package: xcolor 2016/05/11 v2.12 LaTeX color extensions (UK)

("C:\Users\Usuario\AppData\Local\Programs\MiKTeX 2.9\tex/latex/graphics-cfg\col
or.cfg"
File: color.cfg 2016/01/02 v1.6 sample color configuration
)
Package xcolor Info: Driver file: pdftex.def on input line 225.

("C:\Users\Usuario\AppData\Local\Programs\MiKTeX 2.9\tex/latex/graphics-def\pdf
tex.def"
File: pdftex.def 2018/01/08 v1.0l Graphics/color driver for pdftex
)
Package xcolor Info: Model `cmy' substituted by `cmy0' on input line 1348.
Package xcolor Info: Model `hsb' substituted by `rgb' on input line 1352.
Package xcolor Info: Model `RGB' extended on input line 1364.
Package xcolor Info: Model `HTML' substituted by `rgb' on input line 1366.
Package xcolor Info: Model `Hsb' substituted by `hsb' on input line 1367.
Package xcolor Info: Model `tHsb' substituted by `hsb' on input line 1368.
Package xcolor Info: Model `HSB' substituted by `hsb' on input line 1369.
Package xcolor Info: Model `Gray' substituted by `gray' on input line 1370.
Package xcolor Info: Model `wave' substituted by `hsb' on input line 1371.
) ("C:\Users\Usuario\AppData\Local\Programs\MiKTeX 2.9\tex/latex/xurl\xurl.sty"
Package: xurl 2018/12/23 v 0.07 modify URL breaks
("C:\Users\Usuario\AppData\Local\Programs\MiKTeX 2.9\tex/latex/url\url.sty"
\Urlmuskip=\muskip11
Package: url 2013/09/16  ver 3.4  Verb mode for urls, etc.
))
("C:\Users\Usuario\AppData\Local\Programs\MiKTeX 2.9\tex/latex/oberdiek\bookmar
k.sty"
Package: bookmark 2016/05/17 v1.26 PDF bookmarks (HO)

("C:\Users\Usuario\AppData\Local\Programs\MiKTeX 2.9\tex/generic/oberdiek\pdfes
cape.sty"
Package: pdfescape 2016/05/16 v1.14 Implements pdfTeX's escape features (HO)

("C:\Users\Usuario\AppData\Local\Programs\MiKTeX 2.9\tex/generic/oberdiek\pdfte
xcmds.sty"
Package: pdftexcmds 2018/09/10 v0.29 Utility functions of pdfTeX for LuaTeX (HO
)

("C:\Users\Usuario\AppData\Local\Programs\MiKTeX 2.9\tex/generic/oberdiek\ifpdf
.sty"
Package: ifpdf 2018/09/07 v3.3 Provides the ifpdf switch
)
Package pdftexcmds Info: LuaTeX not detected.
Package pdftexcmds Info: \pdf@primitive is available.
Package pdftexcmds Info: \pdf@ifprimitive is available.
Package pdftexcmds Info: \pdfdraftmode found.
))
("C:\Users\Usuario\AppData\Local\Programs\MiKTeX 2.9\tex/generic/oberdiek\ifvte
x.sty"
Package: ifvtex 2016/05/16 v1.6 Detect VTeX and its facilities (HO)
Package ifvtex Info: VTeX not detected.
)
("C:\Users\Usuario\AppData\Local\Programs\MiKTeX 2.9\tex/latex/hyperref\hyperre
f.sty"
Package: hyperref 2018/11/30 v6.88e Hypertext links for LaTeX

("C:\Users\Usuario\AppData\Local\Programs\MiKTeX 2.9\tex/generic/oberdiek\hobsu
b-hyperref.sty"
Package: hobsub-hyperref 2016/05/16 v1.14 Bundle oberdiek, subset hyperref (HO)


("C:\Users\Usuario\AppData\Local\Programs\MiKTeX 2.9\tex/generic/oberdiek\hobsu
b-generic.sty"
Package: hobsub-generic 2016/05/16 v1.14 Bundle oberdiek, subset generic (HO)
Package: hobsub 2016/05/16 v1.14 Construct package bundles (HO)
Package hobsub Info: Skipping package `infwarerr' (already loaded).
Package hobsub Info: Skipping package `ltxcmds' (already loaded).
Package hobsub Info: Skipping package `ifluatex' (already loaded).
Package hobsub Info: Skipping package `ifvtex' (already loaded).
Package: intcalc 2016/05/16 v1.2 Expandable calculations with integers (HO)
Package hobsub Info: Skipping package `ifpdf' (already loaded).
Package hobsub Info: Skipping package `etexcmds' (already loaded).
Package hobsub Info: Skipping package `kvsetkeys' (already loaded).
Package: kvdefinekeys 2016/05/16 v1.4 Define keys (HO)
Package hobsub Info: Skipping package `pdftexcmds' (already loaded).
Package hobsub Info: Skipping package `pdfescape' (already loaded).
Package: bigintcalc 2016/05/16 v1.4 Expandable calculations on big integers (HO
)
Package: bitset 2016/05/16 v1.2 Handle bit-vector datatype (HO)
Package: uniquecounter 2016/05/16 v1.3 Provide unlimited unique counter (HO)
)
Package hobsub Info: Skipping package `hobsub' (already loaded).
Package: letltxmacro 2016/05/16 v1.5 Let assignment for LaTeX macros (HO)
Package: hopatch 2016/05/16 v1.3 Wrapper for package hooks (HO)
Package: xcolor-patch 2016/05/16 xcolor patch
Package: atveryend 2016/05/16 v1.9 Hooks at the very end of document (HO)
Package: atbegshi 2016/06/09 v1.18 At begin shipout hook (HO)
Package: refcount 2016/05/16 v3.5 Data extraction from label references (HO)
Package: hycolor 2016/05/16 v1.8 Color options for hyperref/bookmark (HO)
)
("C:\Users\Usuario\AppData\Local\Programs\MiKTeX 2.9\tex/latex/oberdiek\auxhook
.sty"
Package: auxhook 2016/05/16 v1.4 Hooks for auxiliary files (HO)
)
\@linkdim=\dimen113
\Hy@linkcounter=\count103
\Hy@pagecounter=\count104

("C:\Users\Usuario\AppData\Local\Programs\MiKTeX 2.9\tex/latex/hyperref\pd1enc.
def"
File: pd1enc.def 2018/11/30 v6.88e Hyperref: PDFDocEncoding definition (HO)
Now handling font encoding PD1 ...
... no UTF-8 mapping file for font encoding PD1
)
\Hy@SavedSpaceFactor=\count105

("C:\Users\Usuario\AppData\Local\Programs\MiKTeX 2.9\tex/latex/00miktex\hyperre
f.cfg"
File: hyperref.cfg 2002/06/06 v1.2 hyperref configuration of TeXLive
)
Package hyperref Info: Option `unicode' set `true' on input line 4393.

("C:\Users\Usuario\AppData\Local\Programs\MiKTeX 2.9\tex/latex/hyperref\puenc.d
ef"
File: puenc.def 2018/11/30 v6.88e Hyperref: PDF Unicode definition (HO)
Now handling font encoding PU ...
... no UTF-8 mapping file for font encoding PU
)
Package hyperref Info: Hyper figures OFF on input line 4519.
Package hyperref Info: Link nesting OFF on input line 4524.
Package hyperref Info: Hyper index ON on input line 4527.
Package hyperref Info: Plain pages OFF on input line 4534.
Package hyperref Info: Backreferencing OFF on input line 4539.
Package hyperref Info: Implicit mode ON; LaTeX internals redefined.
Package hyperref Info: Bookmarks ON on input line 4772.
\c@Hy@tempcnt=\count106
LaTeX Info: Redefining \url on input line 5125.
\XeTeXLinkMargin=\dimen114
\Fld@menulength=\count107
\Field@Width=\dimen115
\Fld@charsize=\dimen116
Package hyperref Info: Hyper figures OFF on input line 6380.
Package hyperref Info: Link nesting OFF on input line 6385.
Package hyperref Info: Hyper index ON on input line 6388.
Package hyperref Info: backreferencing OFF on input line 6395.
Package hyperref Info: Link coloring OFF on input line 6400.
Package hyperref Info: Link coloring with OCG OFF on input line 6405.
Package hyperref Info: PDF/A mode OFF on input line 6410.
LaTeX Info: Redefining \ref on input line 6450.
LaTeX Info: Redefining \pageref on input line 6454.
\Hy@abspage=\count108
\c@Item=\count109
\c@Hfootnote=\count110
)
Package hyperref Info: Driver (autodetected): hpdftex.

("C:\Users\Usuario\AppData\Local\Programs\MiKTeX 2.9\tex/latex/hyperref\hpdftex
.def"
File: hpdftex.def 2018/11/30 v6.88e Hyperref driver for pdfTeX
\Fld@listcount=\count111
\c@bookmark@seq@number=\count112

("C:\Users\Usuario\AppData\Local\Programs\MiKTeX 2.9\tex/latex/oberdiek\rerunfi
lecheck.sty"
Package: rerunfilecheck 2016/05/16 v1.8 Rerun checks for auxiliary files (HO)
Package uniquecounter Info: New unique counter `rerunfilecheck' on input line 2
82.
)
\Hy@SectionHShift=\skip47
)
("C:\Users\Usuario\AppData\Local\Programs\MiKTeX 2.9\tex/latex/oberdiek\bkm-pdf
tex.def"
File: bkm-pdftex.def 2016/05/17 v1.26 bookmark driver for pdfTeX (HO)
\BKM@id=\count113
))
("C:\Users\Usuario\AppData\Local\Programs\MiKTeX 2.9\tex/latex/geometry\geometr
y.sty"
Package: geometry 2018/04/16 v5.8 Page Geometry
\Gm@cnth=\count114
\Gm@cntv=\count115
\c@Gm@tempcnt=\count116
\Gm@bindingoffset=\dimen117
\Gm@wd@mp=\dimen118
\Gm@odd@mp=\dimen119
\Gm@even@mp=\dimen120
\Gm@layoutwidth=\dimen121
\Gm@layoutheight=\dimen122
\Gm@layouthoffset=\dimen123
\Gm@layoutvoffset=\dimen124
\Gm@dimlist=\toks24

("C:\Users\Usuario\AppData\Local\Programs\MiKTeX 2.9\tex/latex/geometry\geometr
y.cfg"))
("C:\Users\Usuario\AppData\Local\Programs\MiKTeX 2.9\tex/latex/koma-script\scre
xtend.sty"
Package: scrextend 2019/12/23 v3.28 KOMA-Script package (extend other classes w
ith features of KOMA-Script classes)

("C:\Users\Usuario\AppData\Local\Programs\MiKTeX 2.9\tex/latex/koma-script\scrk
base.sty"
Package: scrkbase 2019/12/23 v3.28 KOMA-Script package (KOMA-Script-dependent b
asics and keyval usage)

("C:\Users\Usuario\AppData\Local\Programs\MiKTeX 2.9\tex/latex/koma-script\scrb
ase.sty"
Package: scrbase 2019/12/23 v3.28 KOMA-Script package (KOMA-Script-independent 
basics and keyval usage)

("C:\Users\Usuario\AppData\Local\Programs\MiKTeX 2.9\tex/latex/koma-script\scrl
file.sty"
Package: scrlfile 2019/12/23 v3.28 KOMA-Script package (loading files)
)))

LaTeX Warning: Command \@footnotemark  has changed.
               Check if current package is valid.

)
("C:\Users\Usuario\AppData\Local\Programs\MiKTeX 2.9\tex/latex/caption\caption.
sty"
Package: caption 2019/09/01 v3.3d Customizing captions (AR)

("C:\Users\Usuario\AppData\Local\Programs\MiKTeX 2.9\tex/latex/caption\caption3
.sty"
Package: caption3 2019/09/01 v1.8d caption3 kernel (AR)
Package caption3 Info: TeX engine: e-TeX on input line 64.
\captionmargin=\dimen125
\captionmargin@=\dimen126
\captionwidth=\dimen127
\caption@tempdima=\dimen128
\caption@indent=\dimen129
\caption@parindent=\dimen130
\caption@hangindent=\dimen131
)
\c@caption@flags=\count117
\c@ContinuedFloat=\count118
Package caption Info: hyperref package is loaded.
)
("C:\Users\Usuario\AppData\Local\Programs\MiKTeX 2.9\tex/latex/graphics\graphic
x.sty"
Package: graphicx 2017/06/01 v1.1a Enhanced LaTeX Graphics (DPC,SPQR)

("C:\Users\Usuario\AppData\Local\Programs\MiKTeX 2.9\tex/latex/graphics\graphic
s.sty"
Package: graphics 2017/06/25 v1.2c Standard LaTeX Graphics (DPC,SPQR)

("C:\Users\Usuario\AppData\Local\Programs\MiKTeX 2.9\tex/latex/graphics\trig.st
y"
Package: trig 2016/01/03 v1.10 sin cos tan (DPC)
)
("C:\Users\Usuario\AppData\Local\Programs\MiKTeX 2.9\tex/latex/graphics-cfg\gra
phics.cfg"
File: graphics.cfg 2016/06/04 v1.11 sample graphics configuration
)
Package graphics Info: Driver file: pdftex.def on input line 99.
)
\Gin@req@height=\dimen132
\Gin@req@width=\dimen133
) ("C:\Users\Usuario\AppData\Local\Programs\MiKTeX 2.9\tex/latex/float\float.st
y"
Package: float 2001/11/08 v1.3d Float enhancements (AL)
\c@float@type=\count119
\float@exts=\toks25
\float@box=\box29
\@float@everytoks=\toks26
\@floatcapt=\box30
)
("C:\Users\Usuario\AppData\Local\Programs\MiKTeX 2.9\tex/latex/booktabs\booktab
s.sty"
Package: booktabs 2005/04/14 v1.61803 publication quality tables
\heavyrulewidth=\dimen134
\lightrulewidth=\dimen135
\cmidrulewidth=\dimen136
\belowrulesep=\dimen137
\belowbottomsep=\dimen138
\aboverulesep=\dimen139
\abovetopsep=\dimen140
\cmidrulesep=\dimen141
\cmidrulekern=\dimen142
\defaultaddspace=\dimen143
\@cmidla=\count120
\@cmidlb=\count121
\@aboverulesep=\dimen144
\@belowrulesep=\dimen145
\@thisruleclass=\count122
\@lastruleclass=\count123
\@thisrulewidth=\dimen146
)
("C:\Users\Usuario\AppData\Local\Programs\MiKTeX 2.9\tex/latex/tools\longtable.
sty"
Package: longtable 2014/10/28 v4.11 Multi-page Table package (DPC)+ FMi change
\LTleft=\skip48
\LTright=\skip49
\LTpre=\skip50
\LTpost=\skip51
\LTchunksize=\count124
\LTcapwidth=\dimen147
\LT@head=\box31
\LT@firsthead=\box32
\LT@foot=\box33
\LT@lastfoot=\box34
\LT@cols=\count125
\LT@rows=\count126
\c@LT@tables=\count127
\c@LT@chunks=\count128
\LT@p@ftn=\toks27
) ("C:\Users\Usuario\AppData\Local\Programs\MiKTeX 2.9\tex/latex/tools\array.st
y"
Package: array 2018/12/30 v2.4k Tabular extension package (FMi)
\col@sep=\dimen148
\ar@mcellbox=\box35
\extrarowheight=\dimen149
\NC@list=\toks28
\extratabsurround=\skip52
\backup@length=\skip53
\ar@cellbox=\box36
)
("C:\Users\Usuario\AppData\Local\Programs\MiKTeX 2.9\tex/latex/multirow\multiro
w.sty"
Package: multirow 2019/05/31 v2.5 Span multiple rows of a table
\multirow@colwidth=\skip54
\multirow@cntb=\count129
\multirow@dima=\skip55
\bigstrutjot=\dimen150
)
("C:\Users\Usuario\AppData\Local\Programs\MiKTeX 2.9\tex/latex/wrapfig\wrapfig.
sty"
\wrapoverhang=\dimen151
\WF@size=\dimen152
\c@WF@wrappedlines=\count130
\WF@box=\box37
\WF@everypar=\toks29
Package: wrapfig 2003/01/31  v 3.6
)
("C:\Users\Usuario\AppData\Local\Programs\MiKTeX 2.9\tex/latex/colortbl\colortb
l.sty"
Package: colortbl 2018/12/12 v1.0d Color table columns (DPC)
\everycr=\toks30
\minrowclearance=\skip56
)
("C:\Users\Usuario\AppData\Local\Programs\MiKTeX 2.9\tex/latex/oberdiek\pdflsca
pe.sty"
Package: pdflscape 2016/05/14 v0.11 Display of landscape pages in PDF (HO)

("C:\Users\Usuario\AppData\Local\Programs\MiKTeX 2.9\tex/latex/graphics\lscape.
sty"
Package: lscape 2000/10/22 v3.01 Landscape Pages (DPC)
)
Package pdflscape Info: Auto-detected driver: pdftex on input line 81.
) ("C:\Users\Usuario\AppData\Local\Programs\MiKTeX 2.9\tex/latex/tabu\tabu.sty"
Package: tabu 2019/01/11 v2.9 - flexible LaTeX tabulars (FC+tabu-fixed)

("C:\Users\Usuario\AppData\Local\Programs\MiKTeX 2.9\tex/latex/varwidth\varwidt
h.sty"
Package: varwidth 2009/03/30 ver 0.92;  Variable-width minipages
\@vwid@box=\box38
\sift@deathcycles=\count131
\@vwid@loff=\dimen153
\@vwid@roff=\dimen154
)
\c@taburow=\count132
\tabu@nbcols=\count133
\tabu@cnt=\count134
\tabu@Xcol=\count135
\tabu@alloc=\count136
\tabu@nested=\count137
\tabu@target=\dimen155
\tabu@spreadtarget=\dimen156
\tabu@naturalX=\dimen157
\tabucolX=\dimen158
\tabu@Xsum=\dimen159
\extrarowdepth=\dimen160
\abovetabulinesep=\dimen161
\belowtabulinesep=\dimen162
\tabustrutrule=\dimen163
\tabu@thebody=\toks31
\tabu@footnotes=\toks32
\tabu@box=\box39
\tabu@arstrutbox=\box40
\tabu@hleads=\box41
\tabu@vleads=\box42
\tabu@cellskip=\skip57
)
("C:\Users\Usuario\AppData\Local\Programs\MiKTeX 2.9\tex/latex/threeparttable\t
hreeparttable.sty"
Package: threeparttable 2003/06/13  v 3.0
\@tempboxb=\box43
) (index.aux)
\openout1 = `index.aux'.

LaTeX Font Info:    Checking defaults for OML/cmm/m/it on input line 71.
LaTeX Font Info:    ... okay on input line 71.
LaTeX Font Info:    Checking defaults for T1/cmr/m/n on input line 71.
LaTeX Font Info:    ... okay on input line 71.
LaTeX Font Info:    Checking defaults for OT1/cmr/m/n on input line 71.
LaTeX Font Info:    ... okay on input line 71.
LaTeX Font Info:    Checking defaults for OMS/cmsy/m/n on input line 71.
LaTeX Font Info:    ... okay on input line 71.
LaTeX Font Info:    Checking defaults for OMX/cmex/m/n on input line 71.
LaTeX Font Info:    ... okay on input line 71.
LaTeX Font Info:    Checking defaults for U/cmr/m/n on input line 71.
LaTeX Font Info:    ... okay on input line 71.
LaTeX Font Info:    Checking defaults for TS1/cmr/m/n on input line 71.
LaTeX Font Info:    Try loading font information for TS1+cmr on input line 71.
("C:\Users\Usuario\AppData\Local\Programs\MiKTeX 2.9\tex/latex/base\ts1cmr.fd"
File: ts1cmr.fd 2014/09/29 v2.5h Standard LaTeX font definitions
)
LaTeX Font Info:    ... okay on input line 71.
LaTeX Font Info:    Checking defaults for PD1/pdf/m/n on input line 71.
LaTeX Font Info:    ... okay on input line 71.
LaTeX Font Info:    Checking defaults for PU/pdf/m/n on input line 71.
LaTeX Font Info:    ... okay on input line 71.
LaTeX Font Info:    Try loading font information for T1+lmr on input line 71.
("C:\Users\Usuario\AppData\Local\Programs\MiKTeX 2.9\tex/latex/lm\t1lmr.fd"
File: t1lmr.fd 2009/10/30 v1.6 Font defs for Latin Modern
)
LaTeX Info: Redefining \microtypecontext on input line 71.
Package microtype Info: Generating PDF output.
Package microtype Info: Character protrusion enabled (level 2).
Package microtype Info: Using protrusion set `basicmath'.
Package microtype Info: Automatic font expansion enabled (level 2),
(microtype)             stretch: 20, shrink: 20, step: 1, non-selected.
Package microtype Info: Using default expansion set `basictext'.
Package microtype Info: No adjustment of tracking.
Package microtype Info: No adjustment of interword spacing.
Package microtype Info: No adjustment of character kerning.

("C:\Users\Usuario\AppData\Local\Programs\MiKTeX 2.9\tex/latex/microtype\mt-cmr
.cfg"
File: mt-cmr.cfg 2013/05/19 v2.2 microtype config. file: Computer Modern Roman 
(RS)
)
("C:\Users\Usuario\AppData\Local\Programs\MiKTeX 2.9\tex/context/base/mkii\supp
-pdf.mkii"
[Loading MPS to PDF converter (version 2006.09.02).]
\scratchcounter=\count138
\scratchdimen=\dimen164
\scratchbox=\box44
\nofMPsegments=\count139
\nofMParguments=\count140
\everyMPshowfont=\toks33
\MPscratchCnt=\count141
\MPscratchDim=\dimen165
\MPnumerator=\count142
\makeMPintoPDFobject=\count143
\everyMPtoPDFconversion=\toks34
)
("C:\Users\Usuario\AppData\Local\Programs\MiKTeX 2.9\tex/latex/oberdiek\epstopd
f-base.sty"
Package: epstopdf-base 2016/05/15 v2.6 Base part for package epstopdf

("C:\Users\Usuario\AppData\Local\Programs\MiKTeX 2.9\tex/latex/oberdiek\grfext.
sty"
Package: grfext 2016/05/16 v1.2 Manage graphics extensions (HO)
)
Package epstopdf-base Info: Redefining graphics rule for `.eps' on input line 4
38.
Package grfext Info: Graphics extension search list:
(grfext)             [.pdf,.png,.jpg,.mps,.jpeg,.jbig2,.jb2,.PDF,.PNG,.JPG,.JPE
G,.JBIG2,.JB2,.eps]
(grfext)             \AppendGraphicsExtensions on input line 456.
)
\AtBeginShipoutBox=\box45
Package hyperref Info: Link coloring OFF on input line 71.

("C:\Users\Usuario\AppData\Local\Programs\MiKTeX 2.9\tex/latex/hyperref\nameref
.sty"
Package: nameref 2016/05/21 v2.44 Cross-referencing by name of section

("C:\Users\Usuario\AppData\Local\Programs\MiKTeX 2.9\tex/generic/oberdiek\getti
tlestring.sty"
Package: gettitlestring 2016/05/16 v1.5 Cleanup title references (HO)
)
\c@section@level=\count144
)
LaTeX Info: Redefining \ref on input line 71.
LaTeX Info: Redefining \pageref on input line 71.
LaTeX Info: Redefining \nameref on input line 71.
*geometry* driver: auto-detecting
*geometry* detected driver: pdftex
*geometry* verbose mode - [ preamble ] result:
* driver: pdftex
* paper: legalpaper
* layout: <same size as paper>
* layoutoffset:(h,v)=(0.0pt,0.0pt)
* modes: landscape 
* h-part:(L,W,R)=(14.22636pt, 983.32727pt, 14.22636pt)
* v-part:(T,H,B)=(14.22636pt, 585.84227pt, 14.22636pt)
* \paperwidth=1011.78pt
* \paperheight=614.295pt
* \textwidth=983.32727pt
* \textheight=585.84227pt
* \oddsidemargin=-58.04362pt
* \evensidemargin=-58.04362pt
* \topmargin=-95.04362pt
* \headheight=12.0pt
* \headsep=25.0pt
* \topskip=10.0pt
* \footskip=30.0pt
* \marginparwidth=144.0pt
* \marginparsep=11.0pt
* \columnsep=10.0pt
* \skip\footins=6.29997pt plus 2.79968pt minus 1.40028pt
* \hoffset=0.0pt
* \voffset=0.0pt
* \mag=1000
* \@twocolumnfalse
* \@twosidefalse
* \@mparswitchfalse
* \@reversemarginfalse
* (1in=72.27pt=25.4mm, 1cm=28.453pt)

Package caption Info: Begin \AtBeginDocument code.
Package caption Info: float package is loaded.
Package caption Info: longtable package is loaded.

("C:\Users\Usuario\AppData\Local\Programs\MiKTeX 2.9\tex/latex/caption\ltcaptio
n.sty"
Package: ltcaption 2018/08/26 v1.4a longtable captions (AR)
)
Package caption Info: threeparttable package is loaded.
Package caption Info: wrapfig package is loaded.
Package caption Info: End \AtBeginDocument code.
LaTeX Font Info:    Calculating math sizes for size <8.39998> on input line 73.

LaTeX Font Info:    Try loading font information for OT1+lmr on input line 73.
("C:\Users\Usuario\AppData\Local\Programs\MiKTeX 2.9\tex/latex/lm\ot1lmr.fd"
File: ot1lmr.fd 2009/10/30 v1.6 Font defs for Latin Modern
)
LaTeX Font Info:    Try loading font information for OML+lmm on input line 73.
("C:\Users\Usuario\AppData\Local\Programs\MiKTeX 2.9\tex/latex/lm\omllmm.fd"
File: omllmm.fd 2009/10/30 v1.6 Font defs for Latin Modern
)
LaTeX Font Info:    Try loading font information for OMS+lmsy on input line 73.

("C:\Users\Usuario\AppData\Local\Programs\MiKTeX 2.9\tex/latex/lm\omslmsy.fd"
File: omslmsy.fd 2009/10/30 v1.6 Font defs for Latin Modern
)
LaTeX Font Info:    Try loading font information for OMX+lmex on input line 73.

("C:\Users\Usuario\AppData\Local\Programs\MiKTeX 2.9\tex/latex/lm\omxlmex.fd"
File: omxlmex.fd 2009/10/30 v1.6 Font defs for Latin Modern
)
LaTeX Font Info:    External font `lmex10' loaded for size
(Font)              <8.39998> on input line 73.
LaTeX Font Info:    External font `lmex10' loaded for size
(Font)              <5.87996> on input line 73.
LaTeX Font Info:    External font `lmex10' loaded for size
(Font)              <4.19998> on input line 73.
LaTeX Font Info:    Try loading font information for U+msa on input line 73.
("C:\Users\Usuario\AppData\Local\Programs\MiKTeX 2.9\tex/latex/amsfonts\umsa.fd
"
File: umsa.fd 2013/01/14 v3.01 AMS symbols A
)
("C:\Users\Usuario\AppData\Local\Programs\MiKTeX 2.9\tex/latex/microtype\mt-msa
.cfg"
File: mt-msa.cfg 2006/02/04 v1.1 microtype config. file: AMS symbols (a) (RS)
)
LaTeX Font Info:    Try loading font information for U+msb on input line 73.
("C:\Users\Usuario\AppData\Local\Programs\MiKTeX 2.9\tex/latex/amsfonts\umsb.fd
"
File: umsb.fd 2013/01/14 v3.01 AMS symbols B
)
("C:\Users\Usuario\AppData\Local\Programs\MiKTeX 2.9\tex/latex/microtype\mt-msb
.cfg"
File: mt-msb.cfg 2005/06/01 v1.0 microtype config. file: AMS symbols (b) (RS)
) (index.toc
LaTeX Font Info:    External font `lmex10' loaded for size
(Font)              <7> on input line 2.
LaTeX Font Info:    External font `lmex10' loaded for size
(Font)              <5> on input line 2.
)
\tf@toc=\write3
\openout3 = `index.toc'.

[1

{C:/Users/Usuario/AppData/Local/MiKTeX/2.9/pdftex/config/pdftex.map}]
Overfull \hbox (2.31969pt too wide) in paragraph at lines 92--92
[]|\T1/lmr/m/n/8 (-20) varname|  
 []


Overfull \hbox (2.31969pt too wide) in paragraph at lines 97--97
[]|\T1/lmr/m/n/8 (-20) varname|  
 []


Overfull \hbox (9.25616pt too wide) in paragraph at lines 104--104
[]|\T1/lmr/m/n/8 (-20) com06_15|  
 []


Overfull \hbox (9.25616pt too wide) in paragraph at lines 106--106
[]|\T1/lmr/m/n/8 (-20) com08_05|  
 []


Overfull \hbox (9.25616pt too wide) in paragraph at lines 108--108
[]|\T1/lmr/m/n/8 (-20) com09_04|  
 []


Overfull \hbox (9.25616pt too wide) in paragraph at lines 110--110
[]|\T1/lmr/m/n/8 (-20) com10_01|  
 []


Overfull \hbox (9.25616pt too wide) in paragraph at lines 112--112
[]|\T1/lmr/m/n/8 (-20) com10_02|  
 []


Overfull \hbox (9.25616pt too wide) in paragraph at lines 114--114
[]|\T1/lmr/m/n/8 (-20) com10_03|  
 []


Overfull \hbox (9.25616pt too wide) in paragraph at lines 116--116
[]|\T1/lmr/m/n/8 (-20) com10_04|  
 []


Overfull \hbox (9.25616pt too wide) in paragraph at lines 118--118
[]|\T1/lmr/m/n/8 (-20) com10_05|  
 []


Overfull \hbox (9.25616pt too wide) in paragraph at lines 120--120
[]|\T1/lmr/m/n/8 (-20) com10_08|  
 []

LaTeX Font Info:    Try loading font information for TS1+lmr on input line 120.

("C:\Users\Usuario\AppData\Local\Programs\MiKTeX 2.9\tex/latex/lm\ts1lmr.fd"
File: ts1lmr.fd 2009/10/30 v1.6 Font defs for Latin Modern
)
Overfull \hbox (9.25616pt too wide) in paragraph at lines 122--122
[]|\T1/lmr/m/n/8 (-20) com12_09|  
 []


Overfull \hbox (9.25616pt too wide) in paragraph at lines 124--124
[]|\T1/lmr/m/n/8 (-20) com13_01|  
 []


Overfull \hbox (9.25616pt too wide) in paragraph at lines 126--126
[]|\T1/lmr/m/n/8 (-20) com13_02|  
 []


Overfull \hbox (9.25616pt too wide) in paragraph at lines 128--128
[]|\T1/lmr/m/n/8 (-20) com13_03|  
 []


Overfull \hbox (9.25616pt too wide) in paragraph at lines 131--131
[]|\T1/lmr/m/n/8 (-20) com13_04|  
 []


Overfull \hbox (9.25616pt too wide) in paragraph at lines 133--133
[]|\T1/lmr/m/n/8 (-20) com13_05|  
 []


Overfull \hbox (9.25616pt too wide) in paragraph at lines 135--135
[]|\T1/lmr/m/n/8 (-20) com13_06|  
 []


Overfull \hbox (9.25616pt too wide) in paragraph at lines 137--137
[]|\T1/lmr/m/n/8 (-20) com13_07|  
 []


Overfull \hbox (9.25616pt too wide) in paragraph at lines 139--139
[]|\T1/lmr/m/n/8 (-20) com13_08|  
 []


Overfull \hbox (9.25616pt too wide) in paragraph at lines 141--141
[]|\T1/lmr/m/n/8 (-20) com13_09|  
 []


Overfull \hbox (9.25616pt too wide) in paragraph at lines 143--143
[]|\T1/lmr/m/n/8 (-20) com13_11|  
 []


Overfull \hbox (9.25616pt too wide) in paragraph at lines 145--145
[]|\T1/lmr/m/n/8 (-20) com13_12|  
 []


Overfull \hbox (9.25616pt too wide) in paragraph at lines 147--147
[]|\T1/lmr/m/n/8 (-20) com14_01|  
 []


Overfull \hbox (9.25616pt too wide) in paragraph at lines 149--149
[]|\T1/lmr/m/n/8 (-20) com14_02|  
 []


Overfull \hbox (9.25616pt too wide) in paragraph at lines 151--151
[]|\T1/lmr/m/n/8 (-20) com15_02|  
 []


Overfull \hbox (9.25616pt too wide) in paragraph at lines 153--153
[]|\T1/lmr/m/n/8 (-20) com15_03|  
 []


Overfull \hbox (9.25616pt too wide) in paragraph at lines 155--155
[]|\T1/lmr/m/n/8 (-20) com15_04|  
 []


Overfull \hbox (9.25616pt too wide) in paragraph at lines 157--157
[]|\T1/lmr/m/n/8 (-20) com16_01|  
 []


Overfull \hbox (9.25616pt too wide) in paragraph at lines 159--159
[]|\T1/lmr/m/n/8 (-20) com16_02|  
 []


Overfull \hbox (9.25616pt too wide) in paragraph at lines 161--161
[]|\T1/lmr/m/n/8 (-20) com16_03|  
 []


Overfull \hbox (9.25616pt too wide) in paragraph at lines 163--163
[]|\T1/lmr/m/n/8 (-20) com16_04|  
 []

pdfTeX warning (ext4): destination with the same identifier (name{page.}) has b
een already used, duplicate ignored
<to be read again> 
                   \relax 
l.164 \end{longtable}
                      [2]pdfTeX warning (ext4): destination with the same ident
ifier (name{page.}) has been already used, duplicate ignored
<to be read again> 
                   \relax 
l.168 
       [3]
Overfull \hbox (2.31969pt too wide) in paragraph at lines 177--177
[]|\T1/lmr/m/n/8 (-20) varname|  
 []


Overfull \hbox (2.31969pt too wide) in paragraph at lines 182--182
[]|\T1/lmr/m/n/8 (-20) varname|  
 []


Overfull \hbox (3.94089pt too wide) in paragraph at lines 189--189
[]|\T1/lmr/m/n/8 (-20) ref17_01|  
 []


Overfull \hbox (3.94089pt too wide) in paragraph at lines 191--191
[]|\T1/lmr/m/n/8 (-20) ref17_06|  
 []


Overfull \hbox (3.94089pt too wide) in paragraph at lines 193--193
[]|\T1/lmr/m/n/8 (-20) ref17_07|  
 []


Overfull \hbox (3.94089pt too wide) in paragraph at lines 196--196
[]|\T1/lmr/m/n/8 (-20) ref17_08|  
 []


Overfull \hbox (3.94089pt too wide) in paragraph at lines 199--199
[]|\T1/lmr/m/n/8 (-20) ref17_09|  
 []


Overfull \hbox (3.94089pt too wide) in paragraph at lines 202--202
[]|\T1/lmr/m/n/8 (-20) ref17_10|  
 []


Overfull \hbox (3.94089pt too wide) in paragraph at lines 205--205
[]|\T1/lmr/m/n/8 (-20) ref17_11|  
 []

pdfTeX warning (ext4): destination with the same identifier (name{page.}) has b
een already used, duplicate ignored
<to be read again> 
                   \relax 
l.210 
       [4]
Overfull \hbox (2.31969pt too wide) in paragraph at lines 219--219
[]|\T1/lmr/m/n/8 (-20) varname|  
 []


Overfull \hbox (2.31969pt too wide) in paragraph at lines 224--224
[]|\T1/lmr/m/n/8 (-20) varname|  
 []


Overfull \hbox (5.13771pt too wide) in paragraph at lines 231--231
[]|\T1/lmr/m/n/8 (-20) sce01_01|  
 []


Overfull \hbox (5.13771pt too wide) in paragraph at lines 233--233
[]|\T1/lmr/m/n/8 (-20) sce01_02|  
 []


Overfull \hbox (5.13771pt too wide) in paragraph at lines 236--236
[]|\T1/lmr/m/n/8 (-20) sce01_03|  
 []


Overfull \hbox (5.13771pt too wide) in paragraph at lines 239--239
[]|\T1/lmr/m/n/8 (-20) sce01_04|  
 []


Overfull \hbox (5.13771pt too wide) in paragraph at lines 242--242
[]|\T1/lmr/m/n/8 (-20) sce01_05|  
 []


Overfull \hbox (5.13771pt too wide) in paragraph at lines 245--245
[]|\T1/lmr/m/n/8 (-20) sce01_06|  
 []


Overfull \hbox (5.13771pt too wide) in paragraph at lines 248--248
[]|\T1/lmr/m/n/8 (-20) sce01_07|  
 []


Overfull \hbox (5.13771pt too wide) in paragraph at lines 250--250
[]|\T1/lmr/m/n/8 (-20) sce02_08|  
 []


Overfull \hbox (5.13771pt too wide) in paragraph at lines 252--252
[]|\T1/lmr/m/n/8 (-20) sce03_01|  
 []


Overfull \hbox (5.13771pt too wide) in paragraph at lines 254--254
[]|\T1/lmr/m/n/8 (-20) sce03_02|  
 []


Overfull \hbox (5.13771pt too wide) in paragraph at lines 256--256
[]|\T1/lmr/m/n/8 (-20) sce03_04|  
 []


Overfull \hbox (5.13771pt too wide) in paragraph at lines 258--258
[]|\T1/lmr/m/n/8 (-20) sce03_06|  
 []


Overfull \hbox (5.13771pt too wide) in paragraph at lines 260--260
[]|\T1/lmr/m/n/8 (-20) sce04_01|  
 []


Overfull \hbox (5.13771pt too wide) in paragraph at lines 262--262
[]|\T1/lmr/m/n/8 (-20) sce04_02|  
 []


Overfull \hbox (5.13771pt too wide) in paragraph at lines 264--264
[]|\T1/lmr/m/n/8 (-20) sce04_03|  
 []


Overfull \hbox (5.13771pt too wide) in paragraph at lines 267--267
[]|\T1/lmr/m/n/8 (-20) sce04_04|  
 []


Overfull \hbox (5.13771pt too wide) in paragraph at lines 270--270
[]|\T1/lmr/m/n/8 (-20) sce04_05|  
 []


Overfull \hbox (5.13771pt too wide) in paragraph at lines 273--273
[]|\T1/lmr/m/n/8 (-20) sce04_06|  
 []


Overfull \hbox (5.13771pt too wide) in paragraph at lines 276--276
[]|\T1/lmr/m/n/8 (-20) sce04_07|  
 []


Overfull \hbox (5.13771pt too wide) in paragraph at lines 279--279
[]|\T1/lmr/m/n/8 (-20) sce04_08|  
 []


Overfull \hbox (5.13771pt too wide) in paragraph at lines 281--281
[]|\T1/lmr/m/n/8 (-20) sce04_09|  
 []


Overfull \hbox (5.13771pt too wide) in paragraph at lines 283--283
[]|\T1/lmr/m/n/8 (-20) sce04_10|  
 []


Overfull \hbox (5.13771pt too wide) in paragraph at lines 286--286
[]|\T1/lmr/m/n/8 (-20) sce04_11|  
 []


Overfull \hbox (5.13771pt too wide) in paragraph at lines 289--289
[]|\T1/lmr/m/n/8 (-20) sce04_12|  
 []


Overfull \hbox (5.13771pt too wide) in paragraph at lines 292--292
[]|\T1/lmr/m/n/8 (-20) sce04_13|  
 []


Overfull \hbox (5.13771pt too wide) in paragraph at lines 295--295
[]|\T1/lmr/m/n/8 (-20) sce04_14|  
 []


Overfull \hbox (5.13771pt too wide) in paragraph at lines 298--298
[]|\T1/lmr/m/n/8 (-20) sce04_15|  
 []


Overfull \hbox (5.13771pt too wide) in paragraph at lines 301--301
[]|\T1/lmr/m/n/8 (-20) sce04_16|  
 []


Overfull \hbox (5.13771pt too wide) in paragraph at lines 303--303
[]|\T1/lmr/m/n/8 (-20) sce05_01|  
 []


Overfull \hbox (5.13771pt too wide) in paragraph at lines 305--305
[]|\T1/lmr/m/n/8 (-20) sce05_02|  
 []


Overfull \hbox (5.13771pt too wide) in paragraph at lines 308--308
[]|\T1/lmr/m/n/8 (-20) sce05_03|  
 []


Overfull \hbox (5.13771pt too wide) in paragraph at lines 311--311
[]|\T1/lmr/m/n/8 (-20) sce05_04|  
 []


Overfull \hbox (5.13771pt too wide) in paragraph at lines 314--314
[]|\T1/lmr/m/n/8 (-20) sce05_05|  
 []


Overfull \hbox (5.13771pt too wide) in paragraph at lines 317--317
[]|\T1/lmr/m/n/8 (-20) sce05_06|  
 []


Overfull \hbox (5.13771pt too wide) in paragraph at lines 320--320
[]|\T1/lmr/m/n/8 (-20) sce05_07|  
 []


Overfull \hbox (5.13771pt too wide) in paragraph at lines 323--323
[]|\T1/lmr/m/n/8 (-20) sce05_08|  
 []


Overfull \hbox (5.13771pt too wide) in paragraph at lines 326--326
[]|\T1/lmr/m/n/8 (-20) sce05_09|  
 []


Overfull \hbox (5.13771pt too wide) in paragraph at lines 329--329
[]|\T1/lmr/m/n/8 (-20) sce05_10|  
 []


Overfull \hbox (5.13771pt too wide) in paragraph at lines 332--332
[]|\T1/lmr/m/n/8 (-20) sce05_11|  
 []


Overfull \hbox (5.13771pt too wide) in paragraph at lines 334--334
[]|\T1/lmr/m/n/8 (-20) sce06_01|  
 []


Overfull \hbox (5.13771pt too wide) in paragraph at lines 336--336
[]|\T1/lmr/m/n/8 (-20) sce06_02|  
 []


Overfull \hbox (5.13771pt too wide) in paragraph at lines 339--339
[]|\T1/lmr/m/n/8 (-20) sce06_03|  
 []


Overfull \hbox (5.13771pt too wide) in paragraph at lines 342--342
[]|\T1/lmr/m/n/8 (-20) sce06_04|  
 []


Overfull \hbox (5.13771pt too wide) in paragraph at lines 345--345
[]|\T1/lmr/m/n/8 (-20) sce06_05|  
 []


Overfull \hbox (5.13771pt too wide) in paragraph at lines 348--348
[]|\T1/lmr/m/n/8 (-20) sce06_06|  
 []


Overfull \hbox (5.13771pt too wide) in paragraph at lines 351--351
[]|\T1/lmr/m/n/8 (-20) sce06_07|  
 []


Overfull \hbox (5.13771pt too wide) in paragraph at lines 354--354
[]|\T1/lmr/m/n/8 (-20) sce06_08|  
 []


Overfull \hbox (5.13771pt too wide) in paragraph at lines 357--357
[]|\T1/lmr/m/n/8 (-20) sce06_09|  
 []


Overfull \hbox (5.13771pt too wide) in paragraph at lines 360--360
[]|\T1/lmr/m/n/8 (-20) sce06_10|  
 []


Overfull \hbox (5.13771pt too wide) in paragraph at lines 363--363
[]|\T1/lmr/m/n/8 (-20) sce06_11|  
 []


Overfull \hbox (5.13771pt too wide) in paragraph at lines 365--365
[]|\T1/lmr/m/n/8 (-20) sce07_01|  
 []


Overfull \hbox (5.13771pt too wide) in paragraph at lines 367--367
[]|\T1/lmr/m/n/8 (-20) sce08_01|  
 []


Overfull \hbox (5.13771pt too wide) in paragraph at lines 369--369
[]|\T1/lmr/m/n/8 (-20) sce09_01|  
 []


Overfull \hbox (5.13771pt too wide) in paragraph at lines 371--371
[]|\T1/lmr/m/n/8 (-20) sce09_02|  
 []


Overfull \hbox (5.13771pt too wide) in paragraph at lines 374--374
[]|\T1/lmr/m/n/8 (-20) sce09_03|  
 []


Overfull \hbox (5.13771pt too wide) in paragraph at lines 377--377
[]|\T1/lmr/m/n/8 (-20) sce09_04|  
 []


Overfull \hbox (5.13771pt too wide) in paragraph at lines 380--380
[]|\T1/lmr/m/n/8 (-20) sce09_05|  
 []


Overfull \hbox (5.13771pt too wide) in paragraph at lines 383--383
[]|\T1/lmr/m/n/8 (-20) sce09_06|  
 []


Overfull \hbox (5.13771pt too wide) in paragraph at lines 386--386
[]|\T1/lmr/m/n/8 (-20) sce09_07|  
 []


Overfull \hbox (5.13771pt too wide) in paragraph at lines 388--388
[]|\T1/lmr/m/n/8 (-20) sce10_01|  
 []

pdfTeX warning (ext4): destination with the same identifier (name{page.}) has b
een already used, duplicate ignored
<to be read again> 
                   \relax 
l.389 \cmidrule
               {1-4} [5]
Overfull \hbox (5.13771pt too wide) in paragraph at lines 390--390
[]|\T1/lmr/m/n/8 (-20) sce10_02|  
 []


Overfull \hbox (5.13771pt too wide) in paragraph at lines 393--393
[]|\T1/lmr/m/n/8 (-20) sce10_03|  
 []


Overfull \hbox (5.13771pt too wide) in paragraph at lines 396--396
[]|\T1/lmr/m/n/8 (-20) sce10_04|  
 []


Overfull \hbox (5.13771pt too wide) in paragraph at lines 399--399
[]|\T1/lmr/m/n/8 (-20) sce10_05|  
 []


Overfull \hbox (5.13771pt too wide) in paragraph at lines 402--402
[]|\T1/lmr/m/n/8 (-20) sce10_06|  
 []


Overfull \hbox (5.13771pt too wide) in paragraph at lines 405--405
[]|\T1/lmr/m/n/8 (-20) sce10_07|  
 []


Overfull \hbox (5.13771pt too wide) in paragraph at lines 408--408
[]|\T1/lmr/m/n/8 (-20) sce10_08|  
 []

pdfTeX warning (ext4): destination with the same identifier (name{page.}) has b
een already used, duplicate ignored
<to be read again> 
                   \relax 
l.409 \end{longtable}
                      [6]pdfTeX warning (ext4): destination with the same ident
ifier (name{page.}) has been already used, duplicate ignored
<to be read again> 
                   \relax 
l.409 \end{longtable}
                      [7]pdfTeX warning (ext4): destination with the same ident
ifier (name{page.}) has been already used, duplicate ignored
<to be read again> 
                   \relax 
l.413 
       [8]
Overfull \hbox (2.31969pt too wide) in paragraph at lines 422--422
[]|\T1/lmr/m/n/8 (-20) varname|  
 []


Overfull \hbox (2.31969pt too wide) in paragraph at lines 427--427
[]|\T1/lmr/m/n/8 (-20) varname|  
 []


Overfull \hbox (7.63605pt too wide) in paragraph at lines 434--434
[]|\T1/lmr/m/n/8 (-20) kno02_01|  
 []


Overfull \hbox (7.63605pt too wide) in paragraph at lines 436--436
[]|\T1/lmr/m/n/8 (-20) kno03_01|  
 []


Overfull \hbox (7.63605pt too wide) in paragraph at lines 438--438
[]|\T1/lmr/m/n/8 (-20) kno05_01|  
 []


Overfull \hbox (7.63605pt too wide) in paragraph at lines 440--440
[]|\T1/lmr/m/n/8 (-20) kno05_02|  
 []


Overfull \hbox (7.63605pt too wide) in paragraph at lines 442--442
[]|\T1/lmr/m/n/8 (-20) kno06_01|  
 []


Overfull \hbox (7.63605pt too wide) in paragraph at lines 444--444
[]|\T1/lmr/m/n/8 (-20) kno06_02|  
 []


Overfull \hbox (7.63605pt too wide) in paragraph at lines 446--446
[]|\T1/lmr/m/n/8 (-20) kno06_03|  
 []


Overfull \hbox (7.63605pt too wide) in paragraph at lines 448--448
[]|\T1/lmr/m/n/8 (-20) kno06_04|  
 []


Overfull \hbox (7.63605pt too wide) in paragraph at lines 451--451
[]|\T1/lmr/m/n/8 (-20) kno06_05|  
 []


Overfull \hbox (7.63605pt too wide) in paragraph at lines 454--454
[]|\T1/lmr/m/n/8 (-20) kno06_06|  
 []


Overfull \hbox (7.63605pt too wide) in paragraph at lines 456--456
[]|\T1/lmr/m/n/8 (-20) kno07_01|  
 []


Overfull \hbox (7.63605pt too wide) in paragraph at lines 458--458
[]|\T1/lmr/m/n/8 (-20) kno07_02|  
 []


Overfull \hbox (7.63605pt too wide) in paragraph at lines 460--460
[]|\T1/lmr/m/n/8 (-20) kno07_03|  
 []


Overfull \hbox (7.63605pt too wide) in paragraph at lines 462--462
[]|\T1/lmr/m/n/8 (-20) kno07_04|  
 []


Overfull \hbox (7.63605pt too wide) in paragraph at lines 464--464
[]|\T1/lmr/m/n/8 (-20) kno07_05|  
 []


Overfull \hbox (7.63605pt too wide) in paragraph at lines 466--466
[]|\T1/lmr/m/n/8 (-20) kno07_06|  
 []


Overfull \hbox (7.63605pt too wide) in paragraph at lines 468--468
[]|\T1/lmr/m/n/8 (-20) kno07_07|  
 []


Overfull \hbox (7.63605pt too wide) in paragraph at lines 471--471
[]|\T1/lmr/m/n/8 (-20) kno07_08|  
 []


Overfull \hbox (7.63605pt too wide) in paragraph at lines 474--474
[]|\T1/lmr/m/n/8 (-20) kno07_09|  
 []


Overfull \hbox (7.63605pt too wide) in paragraph at lines 477--477
[]|\T1/lmr/m/n/8 (-20) kno07_10|  
 []


Overfull \hbox (7.63605pt too wide) in paragraph at lines 479--479
[]|\T1/lmr/m/n/8 (-20) kno07_11|  
 []


Overfull \hbox (7.63605pt too wide) in paragraph at lines 481--481
[]|\T1/lmr/m/n/8 (-20) kno07_12|  
 []


Overfull \hbox (7.63605pt too wide) in paragraph at lines 483--483
[]|\T1/lmr/m/n/8 (-20) kno07_13|  
 []


Overfull \hbox (7.63605pt too wide) in paragraph at lines 486--486
[]|\T1/lmr/m/n/8 (-20) kno07_14|  
 []


Overfull \hbox (7.63605pt too wide) in paragraph at lines 489--489
[]|\T1/lmr/m/n/8 (-20) kno07_15|  
 []


Overfull \hbox (7.63605pt too wide) in paragraph at lines 492--492
[]|\T1/lmr/m/n/8 (-20) kno07_16|  
 []

pdfTeX warning (ext4): destination with the same identifier (name{page.}) has b
een already used, duplicate ignored
<to be read again> 
                   \relax 
l.497 
       [9]
Overfull \hbox (2.31969pt too wide) in paragraph at lines 506--506
[]|\T1/lmr/m/n/8 (-20) varname|  
 []


Overfull \hbox (2.31969pt too wide) in paragraph at lines 511--511
[]|\T1/lmr/m/n/8 (-20) varname|  
 []


Overfull \hbox (5.09099pt too wide) in paragraph at lines 518--518
[]|\T1/lmr/m/n/8 (-20) att01_01|  
 []


Overfull \hbox (5.09099pt too wide) in paragraph at lines 520--520
[]|\T1/lmr/m/n/8 (-20) att02_01|  
 []


Overfull \hbox (5.09099pt too wide) in paragraph at lines 522--522
[]|\T1/lmr/m/n/8 (-20) att02_02|  
 []


Overfull \hbox (5.09099pt too wide) in paragraph at lines 524--524
[]|\T1/lmr/m/n/8 (-20) att02_03|  
 []


Overfull \hbox (5.09099pt too wide) in paragraph at lines 526--526
[]|\T1/lmr/m/n/8 (-20) att02_04|  
 []


Overfull \hbox (5.09099pt too wide) in paragraph at lines 528--528
[]|\T1/lmr/m/n/8 (-20) att03_01|  
 []


Overfull \hbox (5.09099pt too wide) in paragraph at lines 530--530
[]|\T1/lmr/m/n/8 (-20) att04_01|  
 []


Overfull \hbox (5.09099pt too wide) in paragraph at lines 532--532
[]|\T1/lmr/m/n/8 (-20) att04_02|  
 []


Overfull \hbox (5.09099pt too wide) in paragraph at lines 534--534
[]|\T1/lmr/m/n/8 (-20) att04_03|  
 []


Overfull \hbox (5.09099pt too wide) in paragraph at lines 536--536
[]|\T1/lmr/m/n/8 (-20) att04_04|  
 []


Overfull \hbox (5.09099pt too wide) in paragraph at lines 538--538
[]|\T1/lmr/m/n/8 (-20) att04_05|  
 []


Overfull \hbox (5.09099pt too wide) in paragraph at lines 540--540
[]|\T1/lmr/m/n/8 (-20) att05_06|  
 []


Overfull \hbox (5.09099pt too wide) in paragraph at lines 542--542
[]|\T1/lmr/m/n/8 (-20) att05_07|  
 []


Overfull \hbox (5.09099pt too wide) in paragraph at lines 544--544
[]|\T1/lmr/m/n/8 (-20) att05_08|  
 []


Overfull \hbox (5.09099pt too wide) in paragraph at lines 546--546
[]|\T1/lmr/m/n/8 (-20) att06_01|  
 []


Overfull \hbox (5.09099pt too wide) in paragraph at lines 548--548
[]|\T1/lmr/m/n/8 (-20) att06_02|  
 []


Overfull \hbox (5.09099pt too wide) in paragraph at lines 550--550
[]|\T1/lmr/m/n/8 (-20) att06_03|  
 []


Overfull \hbox (5.09099pt too wide) in paragraph at lines 552--552
[]|\T1/lmr/m/n/8 (-20) att06_04|  
 []


Overfull \hbox (5.09099pt too wide) in paragraph at lines 554--554
[]|\T1/lmr/m/n/8 (-20) att07_01|  
 []


Overfull \hbox (5.09099pt too wide) in paragraph at lines 556--556
[]|\T1/lmr/m/n/8 (-20) att08_01|  
 []


Overfull \hbox (5.09099pt too wide) in paragraph at lines 558--558
[]|\T1/lmr/m/n/8 (-20) att08_02|  
 []


Overfull \hbox (5.09099pt too wide) in paragraph at lines 561--561
[]|\T1/lmr/m/n/8 (-20) att08_03|  
 []


Overfull \hbox (5.09099pt too wide) in paragraph at lines 563--563
[]|\T1/lmr/m/n/8 (-20) att09_03|  
 []


Overfull \hbox (5.09099pt too wide) in paragraph at lines 565--565
[]|\T1/lmr/m/n/8 (-20) att10_01|  
 []


Overfull \hbox (5.09099pt too wide) in paragraph at lines 567--567
[]|\T1/lmr/m/n/8 (-20) att10_02|  
 []


Overfull \hbox (5.09099pt too wide) in paragraph at lines 569--569
[]|\T1/lmr/m/n/8 (-20) att10_03|  
 []


Overfull \hbox (5.09099pt too wide) in paragraph at lines 571--571
[]|\T1/lmr/m/n/8 (-20) att10_04|  
 []


Overfull \hbox (5.09099pt too wide) in paragraph at lines 574--574
[]|\T1/lmr/m/n/8 (-20) att10_05|  
 []


Overfull \hbox (5.09099pt too wide) in paragraph at lines 577--577
[]|\T1/lmr/m/n/8 (-20) att10_06|  
 []


Overfull \hbox (5.09099pt too wide) in paragraph at lines 580--580
[]|\T1/lmr/m/n/8 (-20) att10_07|  
 []


Overfull \hbox (5.09099pt too wide) in paragraph at lines 583--583
[]|\T1/lmr/m/n/8 (-20) att10_08|  
 []


Overfull \hbox (5.09099pt too wide) in paragraph at lines 585--585
[]|\T1/lmr/m/n/8 (-20) att10_09|  
 []


Overfull \hbox (5.09099pt too wide) in paragraph at lines 587--587
[]|\T1/lmr/m/n/8 (-20) att11_01|  
 []


Overfull \hbox (5.09099pt too wide) in paragraph at lines 589--589
[]|\T1/lmr/m/n/8 (-20) att11_02|  
 []


Overfull \hbox (5.09099pt too wide) in paragraph at lines 592--592
[]|\T1/lmr/m/n/8 (-20) att11_03|  
 []


Overfull \hbox (5.09099pt too wide) in paragraph at lines 594--594
[]|\T1/lmr/m/n/8 (-20) att12_01|  
 []


Overfull \hbox (5.09099pt too wide) in paragraph at lines 596--596
[]|\T1/lmr/m/n/8 (-20) att12_02|  
 []


Overfull \hbox (5.09099pt too wide) in paragraph at lines 598--598
[]|\T1/lmr/m/n/8 (-20) att13_01|  
 []


Overfull \hbox (5.09099pt too wide) in paragraph at lines 600--600
[]|\T1/lmr/m/n/8 (-20) att13_02|  
 []


Overfull \hbox (5.09099pt too wide) in paragraph at lines 603--603
[]|\T1/lmr/m/n/8 (-20) att13_03|  
 []

pdfTeX warning (ext4): destination with the same identifier (name{page.}) has b
een already used, duplicate ignored
<to be read again> 
                   \relax 
l.604 \end{longtable}
                      [10]pdfTeX warning (ext4): destination with the same iden
tifier (name{page.}) has been already used, duplicate ignored
<to be read again> 
                   \relax 
l.608 
       [11]
Overfull \hbox (2.31969pt too wide) in paragraph at lines 617--617
[]|\T1/lmr/m/n/8 (-20) varname|  
 []


Overfull \hbox (2.31969pt too wide) in paragraph at lines 622--622
[]|\T1/lmr/m/n/8 (-20) varname|  
 []


Overfull \hbox (4.68152pt too wide) in paragraph at lines 629--629
[]|\T1/lmr/m/n/8 (-20) res01_01|  
 []


Overfull \hbox (4.68152pt too wide) in paragraph at lines 631--631
[]|\T1/lmr/m/n/8 (-20) res01_02|  
 []


Overfull \hbox (4.68152pt too wide) in paragraph at lines 634--634
[]|\T1/lmr/m/n/8 (-20) res01_04|  
 []


Overfull \hbox (4.68152pt too wide) in paragraph at lines 637--637
[]|\T1/lmr/m/n/8 (-20) res01_05|  
 []


Overfull \hbox (4.68152pt too wide) in paragraph at lines 640--640
[]|\T1/lmr/m/n/8 (-20) res01_06|  
 []


Overfull \hbox (4.68152pt too wide) in paragraph at lines 643--643
[]|\T1/lmr/m/n/8 (-20) res01_07|  
 []


Overfull \hbox (4.68152pt too wide) in paragraph at lines 646--646
[]|\T1/lmr/m/n/8 (-20) res01_08|  
 []


Overfull \hbox (4.68152pt too wide) in paragraph at lines 649--649
[]|\T1/lmr/m/n/8 (-20) res01_09|  
 []


Overfull \hbox (4.68152pt too wide) in paragraph at lines 652--652
[]|\T1/lmr/m/n/8 (-20) res01_10|  
 []


Overfull \hbox (4.68152pt too wide) in paragraph at lines 655--655
[]|\T1/lmr/m/n/8 (-20) res01_11|  
 []


Overfull \hbox (0.51653pt too wide) in paragraph at lines 658--658
[]|\T1/lmr/m/n/8 (-20) res01_3|  
 []


Overfull \hbox (4.68152pt too wide) in paragraph at lines 660--660
[]|\T1/lmr/m/n/8 (-20) res02_01|  
 []

pdfTeX warning (ext4): destination with the same identifier (name{page.}) has b
een already used, duplicate ignored
<to be read again> 
                   \relax 
l.665 
       [12]pdfTeX warning (ext4): destination with the same identifier (name{pa
ge.}) has been already used, duplicate ignored
<to be read again> 
                   \relax 
l.734 
       [13]pdfTeX warning (ext4): destination with the same identifier (name{pa
ge.}) has been already used, duplicate ignored
<to be read again> 
                   \relax 
l.825 \end{longtable}
                      [14]pdfTeX warning (ext4): destination with the same iden
tifier (name{page.}) has been already used, duplicate ignored
<to be read again> 
                   \relax 
l.828 
       [15]pdfTeX warning (ext4): destination with the same identifier (name{pa
ge.}) has been already used, duplicate ignored
<to be read again> 
                   \relax 
l.929  &
         99 No contesta\\* [16]

Package caption Warning: Unused \captionsetup[figure] on input line \caption@op
t@figure@lineno .
See the caption package documentation for explanation.


Package caption Warning: Unused \captionsetup[ table] on input line \caption@op
t@ table@lineno .
See the caption package documentation for explanation.

Package atveryend Info: Empty hook `BeforeClearDocument' on input line 933.
pdfTeX warning (ext4): destination with the same identifier (name{page.}) has b
een already used, duplicate ignored
<to be read again> 
                   \relax 
l.933 \end{document}
                     [17]
Package atveryend Info: Empty hook `AfterLastShipout' on input line 933.
(index.aux)
Package atveryend Info: Executing hook `AtVeryEndDocument' on input line 933.
Package atveryend Info: Empty hook `AtEndAfterFileList' on input line 933.
 ) 
Here is how much of TeX's memory you used:
 16064 strings out of 492895
 243977 string characters out of 3122801
 431260 words of memory out of 3000000
 19658 multiletter control sequences out of 15000+200000
 55615 words of font info for 71 fonts, out of 3000000 for 9000
 1141 hyphenation exceptions out of 8191
 40i,10n,52p,806b,495s stack positions out of 5000i,500n,10000p,200000b,50000s
{C:/Users/Usuario/AppData/Local/Programs/MiKTeX 2.9/fonts/enc/dvips/lm/lm-ec.
enc}{C:/Users/Usuario/AppData/Local/Programs/MiKTeX 2.9/fonts/enc/dvips/lm/lm-t
s1.enc}<C:/Users/Usuario/AppData/Local/Programs/MiKTeX 2.9/fonts/type1/public/l
m/lmbx10.pfb><C:/Users/Usuario/AppData/Local/Programs/MiKTeX 2.9/fonts/type1/pu
blic/lm/lmbx7.pfb><C:/Users/Usuario/AppData/Local/Programs/MiKTeX 2.9/fonts/typ
e1/public/lm/lmbx8.pfb><C:/Users/Usuario/AppData/Local/Programs/MiKTeX 2.9/font
s/type1/public/lm/lmr12.pfb><C:/Users/Usuario/AppData/Local/Programs/MiKTeX 2.9
/fonts/type1/public/lm/lmr7.pfb><C:/Users/Usuario/AppData/Local/Programs/MiKTeX
 2.9/fonts/type1/public/lm/lmr8.pfb><C:/Users/Usuario/AppData/Local/Programs/Mi
KTeX 2.9/fonts/type1/public/lm/lmri7.pfb>
Output written on index.pdf (17 pages, 236317 bytes).
PDF statistics:
 165 PDF objects out of 1000 (max. 8388607)
 34 named destinations out of 1000 (max. 500000)
 2113 words of extra memory for PDF output out of 10000 (max. 10000000)

